***  Installation Started 02/11/04 14:46  ***
Title: Rave Reports 5.1 BEX Installation
Source: C:\Downloads\Zip\rave_bex_5_1_2.exe
Made Dir: C:\Rave5
File Copy: C:\Rave5\BASE.RLF
File Copy: C:\Rave5\dbrtl70.bpl
File Copy: C:\Rave5\DE.rlf
File Copy: C:\Rave5\FR.rlf
File Copy: C:\Rave5\JP.rlf
File Copy: C:\Rave5\Rave.exe
File Copy: C:\Rave5\Readme.txt
File Copy: C:\Rave5\rtl70.bpl
File Copy: C:\Rave5\RvBarcode50.bpl
File Copy: C:\Rave5\RvBase.rvc
File Copy: C:\Rave5\RvClass.rvc
File Copy: C:\Rave5\RvCompiler50.bpl
File Copy: C:\Rave5\RvCore50.bpl
File Copy: C:\Rave5\RvCsBars.rvc
File Copy: C:\Rave5\RvCsData.rvc
File Copy: C:\Rave5\RvCsDraw.rvc
File Copy: C:\Rave5\RvCsRpt.rvc
File Copy: C:\Rave5\RvCsStd.rvc
File Copy: C:\Rave5\RvData.rvc
File Copy: C:\Rave5\RvDesign50.bpl
File Copy: C:\Rave5\RvEngine50.bpl
File Copy: C:\Rave5\RvGraphics50.bpl
File Copy: C:\Rave5\RvProj.rvc
File Copy: C:\Rave5\RvReport50.bpl
File Copy: C:\Rave5\RvStandard50.bpl
File Copy: C:\Rave5\SysFunc.rvc
File Copy: C:\Rave5\System.rvc
File Copy: C:\Rave5\vcl70.bpl
File Copy: C:\Rave5\vcljpg70.bpl
File Copy: C:\Rave5\vclx70.bpl
File Copy: C:\Rave5\Whatsnew.txt
Made Dir: C:\Rave5\Source
File Copy: C:\Rave5\Source\Clean.bat
File Copy: C:\Rave5\Source\CompUtil.exe
File Copy: C:\Rave5\Source\dclRave.dpk
File Copy: C:\Rave5\Source\FullC4.bat
File Copy: C:\Rave5\Source\FullC5.bat
File Copy: C:\Rave5\Source\FullC6.bat
File Copy: C:\Rave5\Source\FullD4.bat
File Copy: C:\Rave5\Source\FullD5.bat
File Copy: C:\Rave5\Source\FullD6.bat
File Copy: C:\Rave5\Source\FullD7.bat
File Copy: C:\Rave5\Source\QRpBars.pas
File Copy: C:\Rave5\Source\QRpBase.pas
File Copy: C:\Rave5\Source\QRpCharts.pas
File Copy: C:\Rave5\Source\QRpCon.pas
File Copy: C:\Rave5\Source\QRpConBDE.pas
File Copy: C:\Rave5\Source\QRpConDS.pas
File Copy: C:\Rave5\Source\QRpDBUtil.pas
File Copy: C:\Rave5\Source\QRpDefine.pas
File Copy: C:\Rave5\Source\QRpDevice.pas
File Copy: C:\Rave5\Source\QRpFiler.pas
File Copy: C:\Rave5\Source\QRpFont.pas
File Copy: C:\Rave5\Source\QRpFormPreview.pas
File Copy: C:\Rave5\Source\QRpFormPreview.xfm
File Copy: C:\Rave5\Source\QRpFormSetup.pas
File Copy: C:\Rave5\Source\QRpFormSetup.xfm
File Copy: C:\Rave5\Source\QRpFormStatus.pas
File Copy: C:\Rave5\Source\QRpFormStatus.xfm
File Copy: C:\Rave5\Source\QRpMBCS.pas
File Copy: C:\Rave5\Source\QRpMemo.pas
File Copy: C:\Rave5\Source\QRpRave.pas
File Copy: C:\Rave5\Source\QRpRender.pas
File Copy: C:\Rave5\Source\QRpRenderCanvas.pas
File Copy: C:\Rave5\Source\QRpRenderHTML.pas
File Copy: C:\Rave5\Source\QRpRenderPDF.pas
File Copy: C:\Rave5\Source\QRpRenderPreview.pas
File Copy: C:\Rave5\Source\QRpRenderPrinter.pas
File Copy: C:\Rave5\Source\QRpRenderPS.pas
File Copy: C:\Rave5\Source\QRpRenderRTF.pas
File Copy: C:\Rave5\Source\QRpRenderText.pas
File Copy: C:\Rave5\Source\QRpRPTF.pas
File Copy: C:\Rave5\Source\QRpSystem.pas
File Copy: C:\Rave5\Source\QRpTChart.pas
File Copy: C:\Rave5\Source\QRvClass.pas
File Copy: C:\Rave5\Source\QRvCmHuff.pas
File Copy: C:\Rave5\Source\QRvCsBars.pas
File Copy: C:\Rave5\Source\QRvCsData.pas
File Copy: C:\Rave5\Source\QRvCsDraw.pas
File Copy: C:\Rave5\Source\QRvCsRpt.pas
File Copy: C:\Rave5\Source\QRvCsStd.pas
File Copy: C:\Rave5\Source\QRvData.pas
File Copy: C:\Rave5\Source\QRvDatabase.pas
File Copy: C:\Rave5\Source\QRvDataField.pas
File Copy: C:\Rave5\Source\QRvDataLink.pas
File Copy: C:\Rave5\Source\QRvDefine.pas
File Copy: C:\Rave5\Source\QRvDirectDataView.pas
File Copy: C:\Rave5\Source\QRvDLBase.pas
File Copy: C:\Rave5\Source\QRvDLCommon.pas
File Copy: C:\Rave5\Source\QRvDLDataSet.pas
File Copy: C:\Rave5\Source\QRvDLDBX.pas
File Copy: C:\Rave5\Source\QRvDLDBXCfg.pas
File Copy: C:\Rave5\Source\QRvDriverDataView.pas
File Copy: C:\Rave5\Source\QRvLDCompiler.pas
File Copy: C:\Rave5\Source\QRvLECode.pas
File Copy: C:\Rave5\Source\QRvLEDebug.pas
File Copy: C:\Rave5\Source\QRvLEDefine.pas
File Copy: C:\Rave5\Source\QRvLEExpr.pas
File Copy: C:\Rave5\Source\QRvLEID.pas
File Copy: C:\Rave5\Source\QRvLEModule.pas
File Copy: C:\Rave5\Source\QRvLERun.pas
File Copy: C:\Rave5\Source\QRvLESystem.pas
File Copy: C:\Rave5\Source\QRvLEType.pas
File Copy: C:\Rave5\Source\QRvLEUtil.pas
File Copy: C:\Rave5\Source\QRvProj.pas
File Copy: C:\Rave5\Source\QRvSecurity.pas
File Copy: C:\Rave5\Source\QRvUtil.pas
File Copy: C:\Rave5\Source\Rave50CLX.dpk
File Copy: C:\Rave5\Source\Rave50VCL.dpk
File Copy: C:\Rave5\Source\RaveCC.dpr
File Copy: C:\Rave5\Source\RaveD7.bat
File Copy: C:\Rave5\Source\RaveReg.dcr
File Copy: C:\Rave5\Source\RaveReg.pas
File Copy: C:\Rave5\Source\RpAddFrm.dfm
File Copy: C:\Rave5\Source\RpAddFrm.pas
File Copy: C:\Rave5\Source\RpBars.pas
File Copy: C:\Rave5\Source\RpBase.pas
File Copy: C:\Rave5\Source\RpCanvas.pas
File Copy: C:\Rave5\Source\RpCEdFrm.dfm
File Copy: C:\Rave5\Source\RpCEdFrm.pas
File Copy: C:\Rave5\Source\RpCharts.pas
File Copy: C:\Rave5\Source\RpCon.pas
File Copy: C:\Rave5\Source\RpConBDE.pas
File Copy: C:\Rave5\Source\RpConDS.pas
File Copy: C:\Rave5\Source\RpDBTabl.pas
File Copy: C:\Rave5\Source\RpDBUtil.pas
File Copy: C:\Rave5\Source\RpDefine.pas
File Copy: C:\Rave5\Source\RpDevice.pas
File Copy: C:\Rave5\Source\RpExeFrm.dfm
File Copy: C:\Rave5\Source\RpExeFrm.pas
File Copy: C:\Rave5\Source\RpFiler.pas
File Copy: C:\Rave5\Source\RpFont.pas
File Copy: C:\Rave5\Source\RpFormPreview.dfm
File Copy: C:\Rave5\Source\RpFormPreview.pas
File Copy: C:\Rave5\Source\RpFormSetup.dfm
File Copy: C:\Rave5\Source\RpFormSetup.pas
File Copy: C:\Rave5\Source\RpFormStatus.dfm
File Copy: C:\Rave5\Source\RpFormStatus.pas
File Copy: C:\Rave5\Source\RpFPrint.pas
File Copy: C:\Rave5\Source\RpHTFilr.pas
File Copy: C:\Rave5\Source\RpInfo.dat
File Copy: C:\Rave5\Source\RpLabel.pas
File Copy: C:\Rave5\Source\RpMBCS.pas
File Copy: C:\Rave5\Source\RpMemo.pas
File Copy: C:\Rave5\Source\RpRave.pas
File Copy: C:\Rave5\Source\RpRender.pas
File Copy: C:\Rave5\Source\RpRenderCanvas.pas
File Copy: C:\Rave5\Source\RpRenderHTML.pas
File Copy: C:\Rave5\Source\RpRenderPDF.pas
File Copy: C:\Rave5\Source\RpRenderPreview.pas
File Copy: C:\Rave5\Source\RpRenderPrinter.pas
File Copy: C:\Rave5\Source\RpRenderPS.pas
File Copy: C:\Rave5\Source\RpRenderRTF.pas
File Copy: C:\Rave5\Source\RpRenderText.pas
File Copy: C:\Rave5\Source\RpRender_HTML.pas
File Copy: C:\Rave5\Source\RpRender_PDF.pas
File Copy: C:\Rave5\Source\Rpreview.pas
File Copy: C:\Rave5\Source\Rprinter.pas
File Copy: C:\Rave5\Source\RpRPTF.pas
File Copy: C:\Rave5\Source\RpRTFilr.pas
File Copy: C:\Rave5\Source\RpSecFrm.dfm
File Copy: C:\Rave5\Source\RpSecFrm.pas
File Copy: C:\Rave5\Source\RpSect.pas
File Copy: C:\Rave5\Source\RpShell.pas
File Copy: C:\Rave5\Source\RpSystem.pas
File Copy: C:\Rave5\Source\RpTabCol.pas
File Copy: C:\Rave5\Source\RpTabItm.pas
File Copy: C:\Rave5\Source\RpTable.pas
File Copy: C:\Rave5\Source\RpTabSec.pas
File Copy: C:\Rave5\Source\RpTChart.pas
File Copy: C:\Rave5\Source\RpTXFilr.pas
File Copy: C:\Rave5\Source\RpVer.inc
File Copy: C:\Rave5\Source\RvBarcode.dpk
File Copy: C:\Rave5\Source\RvBase.rvs
File Copy: C:\Rave5\Source\RvClass.pas
File Copy: C:\Rave5\Source\RvClass.res
File Copy: C:\Rave5\Source\RvClass.rvs
File Copy: C:\Rave5\Source\RvCmHuff.pas
File Copy: C:\Rave5\Source\RvCompiler.dpk
File Copy: C:\Rave5\Source\RvCore.dpk
File Copy: C:\Rave5\Source\RvCsBars.pas
File Copy: C:\Rave5\Source\RvCsBars.res
File Copy: C:\Rave5\Source\RvCsBars.rvs
File Copy: C:\Rave5\Source\RvCsData.pas
File Copy: C:\Rave5\Source\RvCsData.res
File Copy: C:\Rave5\Source\RvCsData.rvs
File Copy: C:\Rave5\Source\RvCsDraw.pas
File Copy: C:\Rave5\Source\RvCsDraw.res
File Copy: C:\Rave5\Source\RvCsDraw.rvs
File Copy: C:\Rave5\Source\RvCsRpt.pas
File Copy: C:\Rave5\Source\RvCsRpt.res
File Copy: C:\Rave5\Source\RvCsRpt.rvs
File Copy: C:\Rave5\Source\RvCsStd.pas
File Copy: C:\Rave5\Source\RvCsStd.res
File Copy: C:\Rave5\Source\RvCsStd.rvs
File Copy: C:\Rave5\Source\RvData.pas
File Copy: C:\Rave5\Source\RvData.res
File Copy: C:\Rave5\Source\RvData.rvs
File Copy: C:\Rave5\Source\RvDatabase.pas
File Copy: C:\Rave5\Source\RvDataField.pas
File Copy: C:\Rave5\Source\RvDataLink.pas
File Copy: C:\Rave5\Source\RvDefine.pas
File Copy: C:\Rave5\Source\RvDesign.dpk
File Copy: C:\Rave5\Source\RvDesignReg.pas
File Copy: C:\Rave5\Source\RvDirectDataView.pas
File Copy: C:\Rave5\Source\RvDLADO.pas
File Copy: C:\Rave5\Source\RvDLADOCfg.dfm
File Copy: C:\Rave5\Source\RvDLADOCfg.pas
File Copy: C:\Rave5\Source\RvDLBase.pas
File Copy: C:\Rave5\Source\RvDLBDE.pas
File Copy: C:\Rave5\Source\RvDLBDECfg.dfm
File Copy: C:\Rave5\Source\RvDLBDECfg.pas
File Copy: C:\Rave5\Source\RvDLCommon.pas
File Copy: C:\Rave5\Source\RvDLDataSet.pas
File Copy: C:\Rave5\Source\RvDLDBX.pas
File Copy: C:\Rave5\Source\RvDLDBXCfg.dfm
File Copy: C:\Rave5\Source\RvDLDBXCfg.pas
File Copy: C:\Rave5\Source\RvDriverDataView.pas
File Copy: C:\Rave5\Source\RvEngine.dpk
File Copy: C:\Rave5\Source\RvGraphics.dpk
File Copy: C:\Rave5\Source\RvLDCompiler.pas
File Copy: C:\Rave5\Source\RvLECode.pas
File Copy: C:\Rave5\Source\RvLEDebug.pas
File Copy: C:\Rave5\Source\RvLEDefine.pas
File Copy: C:\Rave5\Source\RvLEExpr.pas
File Copy: C:\Rave5\Source\RvLEID.pas
File Copy: C:\Rave5\Source\RvLEModule.pas
File Copy: C:\Rave5\Source\RvLERun.pas
File Copy: C:\Rave5\Source\RvLESystem.inc
File Copy: C:\Rave5\Source\RvLESystem.pas
File Copy: C:\Rave5\Source\RvLEType.pas
File Copy: C:\Rave5\Source\RvLEUtil.pas
File Copy: C:\Rave5\Source\RvPDData.dfm
File Copy: C:\Rave5\Source\RvPDData.pas
File Copy: C:\Rave5\Source\RvPDEvnt.dfm
File Copy: C:\Rave5\Source\RvPDEvnt.pas
File Copy: C:\Rave5\Source\RvPEAnch.dfm
File Copy: C:\Rave5\Source\RvPEAnch.pas
File Copy: C:\Rave5\Source\RvPEBand.dfm
File Copy: C:\Rave5\Source\RvPEBand.pas
File Copy: C:\Rave5\Source\RvPECalc.pas
File Copy: C:\Rave5\Source\RvPEData.pas
File Copy: C:\Rave5\Source\RvPEDBAuth.dfm
File Copy: C:\Rave5\Source\RvPEDBAuth.pas
File Copy: C:\Rave5\Source\RvPEDMS.dfm
File Copy: C:\Rave5\Source\RvPEDMS.pas
File Copy: C:\Rave5\Source\RvPEDTxt.dfm
File Copy: C:\Rave5\Source\RvPEDTxt.pas
File Copy: C:\Rave5\Source\RvPEImg.dfm
File Copy: C:\Rave5\Source\RvPEImg.pas
File Copy: C:\Rave5\Source\RvPEMail.dfm
File Copy: C:\Rave5\Source\RvPEMail.pas
File Copy: C:\Rave5\Source\RvPEMemo.dfm
File Copy: C:\Rave5\Source\RvPEMemo.pas
File Copy: C:\Rave5\Source\RvPEPLst.dfm
File Copy: C:\Rave5\Source\RvPEPLst.pas
File Copy: C:\Rave5\Source\RvPEProj.pas
File Copy: C:\Rave5\Source\RvPEQuery.pas
File Copy: C:\Rave5\Source\RvPERLoc.dfm
File Copy: C:\Rave5\Source\RvPERLoc.pas
File Copy: C:\Rave5\Source\RvPERpt.pas
File Copy: C:\Rave5\Source\RvPEStrL.dfm
File Copy: C:\Rave5\Source\RvPEStrL.pas
File Copy: C:\Rave5\Source\RvPESys.pas
File Copy: C:\Rave5\Source\RvProj.pas
File Copy: C:\Rave5\Source\RvProj.res
File Copy: C:\Rave5\Source\RvProj.rvs
File Copy: C:\Rave5\Source\RvReport.dpk
File Copy: C:\Rave5\Source\rvs2inc.dpr
File Copy: C:\Rave5\Source\RvSecurity.pas
File Copy: C:\Rave5\Source\RvStandard.dpk
File Copy: C:\Rave5\Source\RvTool.pas
File Copy: C:\Rave5\Source\RvToolEvents.pas
File Copy: C:\Rave5\Source\RvToolUtil.pas
File Copy: C:\Rave5\Source\RvUtil.pas
File Copy: C:\Rave5\Source\RvWzExpert.dfm
File Copy: C:\Rave5\Source\RvWzExpert.pas
File Copy: C:\Rave5\Source\RvWzMD.dfm
File Copy: C:\Rave5\Source\RvWzMD.pas
File Copy: C:\Rave5\Source\RvWzSimp.dfm
File Copy: C:\Rave5\Source\RvWzSimp.pas
File Copy: C:\Rave5\Source\SysFunc.rvs
Made Dir: C:\Rave5\DataLinks
File Copy: C:\Rave5\DataLinks\DataLinkADO.rvd
File Copy: C:\Rave5\DataLinks\DataLinkBDE.rvd
File Copy: C:\Rave5\DataLinks\DataLinkDBX.rvd
File Copy: C:\Rave5\DataLinks\SQLEditor.dll
Made Dir: C:\Rave5\Demos
Made Dir: C:\Rave5\Demos\Code
File Copy: C:\Rave5\Demos\Code\demo01.dfm
File Copy: C:\Rave5\Demos\Code\demo01.PAS
File Copy: C:\Rave5\Demos\Code\DEMO02.dfm
File Copy: C:\Rave5\Demos\Code\DEMO02.PAS
File Copy: C:\Rave5\Demos\Code\demo03.dfm
File Copy: C:\Rave5\Demos\Code\demo03.PAS
File Copy: C:\Rave5\Demos\Code\demo04.dfm
File Copy: C:\Rave5\Demos\Code\demo04.PAS
File Copy: C:\Rave5\Demos\Code\demo05.dfm
File Copy: C:\Rave5\Demos\Code\demo05.PAS
File Copy: C:\Rave5\Demos\Code\demo05.txt
File Copy: C:\Rave5\Demos\Code\demo06.dfm
File Copy: C:\Rave5\Demos\Code\demo06.PAS
File Copy: C:\Rave5\Demos\Code\demo07.dfm
File Copy: C:\Rave5\Demos\Code\demo07.PAS
File Copy: C:\Rave5\Demos\Code\demo08.dfm
File Copy: C:\Rave5\Demos\Code\demo08.PAS
File Copy: C:\Rave5\Demos\Code\MAIN.dfm
File Copy: C:\Rave5\Demos\Code\MAIN.PAS
File Copy: C:\Rave5\Demos\Code\RPDEMO.BMP
File Copy: C:\Rave5\Demos\Code\rpdemo.DPR
File Copy: C:\Rave5\Demos\Code\rpdemo.res
File Copy: C:\Rave5\Demos\Code\RPDEMO.RTF
File Copy: C:\Rave5\Demos\Code\RTFDemo.dfm
File Copy: C:\Rave5\Demos\Code\RTFDemo.PAS
Made Dir: C:\Rave5\Demos\Visual
File Copy: C:\Rave5\Demos\Visual\DM.dfm
File Copy: C:\Rave5\Demos\Visual\DM.pas
File Copy: C:\Rave5\Demos\Visual\Main.dfm
File Copy: C:\Rave5\Demos\Visual\Main.pas
File Copy: C:\Rave5\Demos\Visual\RaveDemo.dpr
File Copy: C:\Rave5\Demos\Visual\RaveDemo.rav
File Copy: C:\Rave5\Demos\Visual\RaveDemo.res
Made Dir: C:\Rave5\Demos\Scripting
File Copy: C:\Rave5\Demos\Scripting\DM.dfm
File Copy: C:\Rave5\Demos\Scripting\DM.pas
File Copy: C:\Rave5\Demos\Scripting\Main.dfm
File Copy: C:\Rave5\Demos\Scripting\Main.pas
File Copy: C:\Rave5\Demos\Scripting\RaveDemo.dpr
File Copy: C:\Rave5\Demos\Scripting\RaveDemo.rav
File Copy: C:\Rave5\Demos\Scripting\RaveDemo.res
Made Dir: C:\Rave5\Docs
File Copy: C:\Rave5\Docs\DataLinkSpec.pdf
File Copy: C:\Rave5\Docs\EUDL.txt
File Copy: C:\Rave5\Docs\RANT.pdf
File Copy: C:\Rave5\Docs\Rave.pdf
File Copy: C:\Rave5\Docs\RaveDevGuide.pdf
File Copy: C:\Rave5\Docs\RaveScripting.pdf
Made Dir: C:\Rave5\Help
Made Dir: C:\Rave5\Help\DE
File Copy: C:\Rave5\Help\DE\RAVE.CNT
File Copy: C:\Rave5\Help\DE\RAVE.HLP
File Copy: C:\Rave5\Help\DE\Rave50DevGuide.cnt
File Copy: C:\Rave5\Help\DE\Rave50DevGuide.hlp
Made Dir: C:\Rave5\Help\EN
File Copy: C:\Rave5\Help\EN\Rave.cnt
File Copy: C:\Rave5\Help\EN\Rave.hlp
File Copy: C:\Rave5\Help\EN\Rave50DevGuide.cnt
File Copy: C:\Rave5\Help\EN\Rave50DevGuide.hlp
Made Dir: C:\Rave5\Help\FR
File Copy: C:\Rave5\Help\FR\RAVE.CNT
File Copy: C:\Rave5\Help\FR\RAVE.HLP
File Copy: C:\Rave5\Help\FR\Rave50DevGuide.cnt
File Copy: C:\Rave5\Help\FR\Rave50DevGuide.hlp
Made Dir: C:\Rave5\Help\JP
File Copy: C:\Rave5\Help\JP\RAVE.CNT
File Copy: C:\Rave5\Help\JP\RAVE.HLP
File Copy: C:\Rave5\Help\JP\Rave50DevGuide.cnt
File Copy: C:\Rave5\Help\JP\Rave50DevGuide.hlp
Made Dir: C:\Rave5\Redist
File Copy: C:\Rave5\Redist\RavePack.dll
File Copy: C:\Rave5\Redist\RaveSolo.dll
File Copy: C:\Rave5\Help\Rave.cnt
File Copy: C:\Rave5\Help\Rave.hlp
File Copy: C:\Rave5\Help\Rave50DevGuide.cnt
File Copy: C:\Rave5\Help\Rave50DevGuide.hlp
INI New: Created INI
INI File: C:\Rave5\Rave.ini
INI Sect: Environment
INI Item: LangFile
INI Val: 
File Copy: C:\Rave5\Redist\dbrtl70.bpl
File Copy: C:\Rave5\Redist\rtl70.bpl
File Copy: C:\Rave5\Redist\RvBarcode50.bpl
File Copy: C:\Rave5\Redist\RvCompiler50.bpl
File Copy: C:\Rave5\Redist\RvCore50.bpl
File Copy: C:\Rave5\Redist\RvDesign50.bpl
File Copy: C:\Rave5\Redist\RvEngine50.bpl
File Copy: C:\Rave5\Redist\RvGraphics50.bpl
File Copy: C:\Rave5\Redist\RvReport50.bpl
File Copy: C:\Rave5\Redist\RvStandard50.bpl
File Copy: C:\Rave5\Redist\vcl70.bpl
File Copy: C:\Rave5\Redist\vcljpg70.bpl
File Copy: C:\Rave5\Redist\vclx70.bpl
File Copy: C:\Rave5\Redist\RvBase.rvc
File Copy: C:\Rave5\Redist\RvClass.rvc
File Copy: C:\Rave5\Redist\RvCsBars.rvc
File Copy: C:\Rave5\Redist\RvCsData.rvc
File Copy: C:\Rave5\Redist\RvCsDraw.rvc
File Copy: C:\Rave5\Redist\RvCsRpt.rvc
File Copy: C:\Rave5\Redist\RvCsStd.rvc
File Copy: C:\Rave5\Redist\RvData.rvc
File Copy: C:\Rave5\Redist\RvProj.rvc
File Copy: C:\Rave5\Redist\SysFunc.rvc
File Copy: C:\Rave5\Redist\System.rvc
File Copy: C:\Rave5\Redist\BASE.RLF
File Copy: C:\Rave5\Redist\DE.rlf
File Copy: C:\Rave5\Redist\FR.rlf
File Copy: C:\Rave5\Redist\JP.rlf
File Copy: C:\Rave5\Redist\Rave.hlp
File Copy: C:\Rave5\Redist\Rave.cnt
File Copy: C:\WINNT\System32\Rave50VCLBEX70.bpl
File Copy: C:\WINNT\System32\Rave50CLXBEX70.bpl
Made Dir: C:\Rave5\D7
File Copy: C:\Rave5\D7\dclRave.bpl
File Copy: C:\Rave5\D7\QRpBars.dcu
File Copy: C:\Rave5\D7\QRpBase.dcu
File Copy: C:\Rave5\D7\QRpCon.dcu
File Copy: C:\Rave5\D7\QRpConBDE.dcu
File Copy: C:\Rave5\D7\QRpConDS.dcu
File Copy: C:\Rave5\D7\QRpDBUtil.dcu
File Copy: C:\Rave5\D7\QRpDefine.dcu
File Copy: C:\Rave5\D7\QRpDevice.dcu
File Copy: C:\Rave5\D7\QRpFiler.dcu
File Copy: C:\Rave5\D7\QRpFont.dcu
File Copy: C:\Rave5\D7\QRpFormPreview.dcu
File Copy: C:\Rave5\D7\QRpFormPreview.xfm
File Copy: C:\Rave5\D7\QRpFormSetup.dcu
File Copy: C:\Rave5\D7\QRpFormSetup.xfm
File Copy: C:\Rave5\D7\QRpFormStatus.dcu
File Copy: C:\Rave5\D7\QRpFormStatus.xfm
File Copy: C:\Rave5\D7\QRpMBCS.dcu
File Copy: C:\Rave5\D7\QRpMemo.dcu
File Copy: C:\Rave5\D7\QRpRave.dcu
File Copy: C:\Rave5\D7\QRpRender.dcu
File Copy: C:\Rave5\D7\QRpRenderCanvas.dcu
File Copy: C:\Rave5\D7\QRpRenderHTML.dcu
File Copy: C:\Rave5\D7\QRpRenderPDF.dcu
File Copy: C:\Rave5\D7\QRpRenderPreview.dcu
File Copy: C:\Rave5\D7\QRpRenderPrinter.dcu
File Copy: C:\Rave5\D7\QRpRenderRTF.dcu
File Copy: C:\Rave5\D7\QRpRenderText.dcu
File Copy: C:\Rave5\D7\QRpRPTF.dcu
File Copy: C:\Rave5\D7\QRpSystem.dcu
File Copy: C:\Rave5\D7\QRvClass.dcu
File Copy: C:\Rave5\D7\QRvCmHuff.dcu
File Copy: C:\Rave5\D7\QRvCsBars.dcu
File Copy: C:\Rave5\D7\QRvCsData.dcu
File Copy: C:\Rave5\D7\QRvCsDraw.dcu
File Copy: C:\Rave5\D7\QRvCsRpt.dcu
File Copy: C:\Rave5\D7\QRvCsStd.dcu
File Copy: C:\Rave5\D7\QRvData.dcu
File Copy: C:\Rave5\D7\QRvDatabase.dcu
File Copy: C:\Rave5\D7\QRvDataField.dcu
File Copy: C:\Rave5\D7\QRvDataLink.dcu
File Copy: C:\Rave5\D7\QRvDefine.dcu
File Copy: C:\Rave5\D7\QRvDirectDataView.dcu
File Copy: C:\Rave5\D7\QRvDLBase.dcu
File Copy: C:\Rave5\D7\QRvDLCommon.dcu
File Copy: C:\Rave5\D7\QRvDLDataSet.dcu
File Copy: C:\Rave5\D7\QRvDLDBX.dcu
File Copy: C:\Rave5\D7\QRvDriverDataView.dcu
File Copy: C:\Rave5\D7\QRvLDCompiler.dcu
File Copy: C:\Rave5\D7\QRvLECode.dcu
File Copy: C:\Rave5\D7\QRvLEDebug.dcu
File Copy: C:\Rave5\D7\QRvLEDefine.dcu
File Copy: C:\Rave5\D7\QRvLEExpr.dcu
File Copy: C:\Rave5\D7\QRvLEID.dcu
File Copy: C:\Rave5\D7\QRvLEModule.dcu
File Copy: C:\Rave5\D7\QRvLERun.dcu
File Copy: C:\Rave5\D7\QRvLESystem.dcu
File Copy: C:\Rave5\D7\QRvLEType.dcu
File Copy: C:\Rave5\D7\QRvLEUtil.dcu
File Copy: C:\Rave5\D7\QRvProj.dcu
File Copy: C:\Rave5\D7\QRvSecurity.dcu
File Copy: C:\Rave5\D7\QRvUtil.dcu
File Copy: C:\Rave5\D7\Rave50CLX.dcp
File Copy: C:\Rave5\D7\Rave50VCL.dcp
File Copy: C:\Rave5\D7\RpAddFrm.dcu
File Copy: C:\Rave5\D7\RpBars.dcu
File Copy: C:\Rave5\D7\RpBase.dcu
File Copy: C:\Rave5\D7\RpCanvas.dcu
File Copy: C:\Rave5\D7\RpCEdFrm.dcu
File Copy: C:\Rave5\D7\RpCon.dcu
File Copy: C:\Rave5\D7\RpConBDE.dcu
File Copy: C:\Rave5\D7\RpConDS.dcu
File Copy: C:\Rave5\D7\RpDBTabl.dcu
File Copy: C:\Rave5\D7\RpDBUtil.dcu
File Copy: C:\Rave5\D7\RpDefine.dcu
File Copy: C:\Rave5\D7\RpDevice.dcu
File Copy: C:\Rave5\D7\RpFiler.dcu
File Copy: C:\Rave5\D7\RpFont.dcu
File Copy: C:\Rave5\D7\RpFormPreview.dcu
File Copy: C:\Rave5\D7\RpFormPreview.dfm
File Copy: C:\Rave5\D7\RpFormSetup.dcu
File Copy: C:\Rave5\D7\RpFormSetup.dfm
File Copy: C:\Rave5\D7\RpFormStatus.dcu
File Copy: C:\Rave5\D7\RpFormStatus.dfm
File Copy: C:\Rave5\D7\RpFPrint.dcu
File Copy: C:\Rave5\D7\RpHTFilr.dcu
File Copy: C:\Rave5\D7\RpLabel.dcu
File Copy: C:\Rave5\D7\RpMBCS.dcu
File Copy: C:\Rave5\D7\RpMemo.dcu
File Copy: C:\Rave5\D7\RpRave.dcu
File Copy: C:\Rave5\D7\RpRender.dcu
File Copy: C:\Rave5\D7\RpRenderCanvas.dcu
File Copy: C:\Rave5\D7\RpRenderHTML.dcu
File Copy: C:\Rave5\D7\RpRenderPDF.dcu
File Copy: C:\Rave5\D7\RpRenderPreview.dcu
File Copy: C:\Rave5\D7\RpRenderPrinter.dcu
File Copy: C:\Rave5\D7\RpRenderRTF.dcu
File Copy: C:\Rave5\D7\RpRenderText.dcu
File Copy: C:\Rave5\D7\RpRender_HTML.dcu
File Copy: C:\Rave5\D7\RpRender_PDF.dcu
File Copy: C:\Rave5\D7\Rpreview.dcu
File Copy: C:\Rave5\D7\Rprinter.dcu
File Copy: C:\Rave5\D7\RpRPTF.dcu
File Copy: C:\Rave5\D7\RpRTFilr.dcu
File Copy: C:\Rave5\D7\RpSecFrm.dcu
File Copy: C:\Rave5\D7\RpSect.dcu
File Copy: C:\Rave5\D7\RpShell.dcu
File Copy: C:\Rave5\D7\RpSystem.dcu
File Copy: C:\Rave5\D7\RpTable.dcu
File Copy: C:\Rave5\D7\RpTChart.dcu
File Copy: C:\Rave5\D7\RpTXFilr.dcu
File Copy: C:\Rave5\D7\RvBarcode.dcp
File Copy: C:\Rave5\D7\RvClass.dcu
File Copy: C:\Rave5\D7\RvCmHuff.dcu
File Copy: C:\Rave5\D7\RvCompiler.dcp
File Copy: C:\Rave5\D7\RvCore.dcp
File Copy: C:\Rave5\D7\RvCsBars.dcu
File Copy: C:\Rave5\D7\RvCsData.dcu
File Copy: C:\Rave5\D7\RvCsDraw.dcu
File Copy: C:\Rave5\D7\RvCsRpt.dcu
File Copy: C:\Rave5\D7\RvCsStd.dcu
File Copy: C:\Rave5\D7\RvData.dcu
File Copy: C:\Rave5\D7\RvDatabase.dcu
File Copy: C:\Rave5\D7\RvDataField.dcu
File Copy: C:\Rave5\D7\RvDataLink.dcu
File Copy: C:\Rave5\D7\RvDefine.dcu
File Copy: C:\Rave5\D7\RvDesign.dcp
File Copy: C:\Rave5\D7\RvDesignReg.dcu
File Copy: C:\Rave5\D7\RvDirectDataView.dcu
File Copy: C:\Rave5\D7\RvDLADO.dcu
File Copy: C:\Rave5\D7\RvDLADOCfg.dcu
File Copy: C:\Rave5\D7\RvDLBase.dcu
File Copy: C:\Rave5\D7\RvDLBDE.dcu
File Copy: C:\Rave5\D7\RvDLBDECfg.dcu
File Copy: C:\Rave5\D7\RvDLCommon.dcu
File Copy: C:\Rave5\D7\RvDLDataSet.dcu
File Copy: C:\Rave5\D7\RvDLDBX.dcu
File Copy: C:\Rave5\D7\RvDLDBXCfg.dcu
File Copy: C:\Rave5\D7\RvDriverDataView.dcu
File Copy: C:\Rave5\D7\RvEngine.dcp
File Copy: C:\Rave5\D7\RvGraphics.dcp
File Copy: C:\Rave5\D7\RvLDCompiler.dcu
File Copy: C:\Rave5\D7\RvLECode.dcu
File Copy: C:\Rave5\D7\RvLEDebug.dcu
File Copy: C:\Rave5\D7\RvLEDefine.dcu
File Copy: C:\Rave5\D7\RvLEExpr.dcu
File Copy: C:\Rave5\D7\RvLEID.dcu
File Copy: C:\Rave5\D7\RvLEModule.dcu
File Copy: C:\Rave5\D7\RvLERun.dcu
File Copy: C:\Rave5\D7\RvLESystem.dcu
File Copy: C:\Rave5\D7\RvLEType.dcu
File Copy: C:\Rave5\D7\RvLEUtil.dcu
File Copy: C:\Rave5\D7\RvPDData.dcu
File Copy: C:\Rave5\D7\RvPDEvnt.dcu
File Copy: C:\Rave5\D7\RvPEAnch.dcu
File Copy: C:\Rave5\D7\RvPEBand.dcu
File Copy: C:\Rave5\D7\RvPECalc.dcu
File Copy: C:\Rave5\D7\RvPEData.dcu
File Copy: C:\Rave5\D7\RvPEDBAuth.dcu
File Copy: C:\Rave5\D7\RvPEDMS.dcu
File Copy: C:\Rave5\D7\RvPEDTxt.dcu
File Copy: C:\Rave5\D7\RvPEImg.dcu
File Copy: C:\Rave5\D7\RvPEMail.dcu
File Copy: C:\Rave5\D7\RvPEMemo.dcu
File Copy: C:\Rave5\D7\RvPEPLst.dcu
File Copy: C:\Rave5\D7\RvPEProj.dcu
File Copy: C:\Rave5\D7\RvPEQuery.dcu
File Copy: C:\Rave5\D7\RvPERLoc.dcu
File Copy: C:\Rave5\D7\RvPERpt.dcu
File Copy: C:\Rave5\D7\RvPEStrL.dcu
File Copy: C:\Rave5\D7\RvPESys.dcu
File Copy: C:\Rave5\D7\RvProj.dcu
File Copy: C:\Rave5\D7\RvReport.dcp
File Copy: C:\Rave5\D7\RvSecurity.dcu
File Copy: C:\Rave5\D7\RvStandard.dcp
File Copy: C:\Rave5\D7\RvTool.dcu
File Copy: C:\Rave5\D7\RvToolEvents.dcu
File Copy: C:\Rave5\D7\RvToolUtil.dcu
File Copy: C:\Rave5\D7\RvUtil.dcu
File Copy: C:\Rave5\D7\RvWzMD.dcu
File Copy: C:\Rave5\D7\RvWzSimp.dcu
RegDB Key: Software\Borland\Delphi\7.0\Known Packages
RegDB Val: Rave Reports BEX 5.0 Package
RegDB Name: C:\Rave5\D7\dclRave.bpl
RegDB Root: 1
RegDB Key: Software\Borland\Delphi\7.0\Palette
RegDB Val: RpRave.TRvProject;RpSystem.TRvSystem;RpFiler.TRvNDRWriter;RpCon.TRvCustomConnection;RpConDS.TRvDataSetConnection;RpConBDE.TRvTableConnection;RpConBDE.TRvQueryConnection;RpRenderPreview.TRvRenderPreview;RpRenderPrinter.TRvRenderPrinter;RpRenderPDF.TRvRenderPDF;RpRenderHTML.TRvRenderHTML;RpRenderRTF.TRvRenderRTF;RpRenderText.TRvRenderText;QRpRave.TRvProject;QRpSystem.TRvSystem;QRpFiler.TRvNDRWriter;QRpCon.TRvCustomConnection;QRpConDS.TRvDataSetConnection;QRpConBDE.TRvTableConnection;QRpConBDE.TRvQueryConnection;QRpRenderPreview.TRvRenderPreview;QRpRenderPrinter.TRvRenderPrinter;QRpRenderPDF.TRvRenderPDF;QRpRenderHTML.TRvRenderHTML;QRpRenderRTF.TRvRenderRTF;QRpRenderText.TRvRenderText;TReportPrinter;TDetailShell;TMasterShell;TReportShell;TLabelShell;TDBTablePrinter;TTablePrinter;TRTFFiler;TTextFiler;TRPHTMLFiler;
RegDB Name: Rave
RegDB Root: 1
RegDB Old: RpRave.TRvProject;RpSystem.TRvSystem;RpFiler.TRvNDRWriter;RpCon.TRvCustomConnection;RpConDS.TRvDataSetConnection;RpConBDE.TRvTableConnection;RpConBDE.TRvQueryConnection;RpRenderPreview.TRvRenderPreview;RpRenderPrinter.TRvRenderPrinter;RpRenderPDF.TRvRenderPDF;RpRenderHTML.TRvRenderHTML;RpRenderRTF.TRvRenderRTF;RpRenderText.TRvRenderText;QRpRave.TRvProject;QRpSystem.TRvSystem;QRpFiler.TRvNDRWriter;QRpCon.TRvCustomConnection;QRpConDS.TRvDataSetConnection;QRpConBDE.TRvTableConnection;QRpConBDE.TRvQueryConnection;QRpRenderPreview.TRvRenderPreview;QRpRenderPrinter.TRvRenderPrinter;QRpRenderPDF.TRvRenderPDF;QRpRenderHTML.TRvRenderHTML;QRpRenderRTF.TRvRenderRTF;QRpRenderText.TRvRenderText;
RegDB Key: Software\Nevrona Designs\Rave5BEX
RegDB Val: RV5C10KWJ
RegDB Name: DeveloperSerial
RegDB Root: 2
RegDB Key: Software\Nevrona Designs\Rave5BEX
RegDB Val: C:\Rave5
RegDB Name: DesignerPath
RegDB Root: 2
***  Installation Started 02/13/04 9:23  ***
Title: Rave Reports 5.1 BEX Installation
Source: C:\Downloads\Zip\rave_bex_5_1_3_beta3.exe
File Overwrite: C:\Rave5\BASE.RLF
File Overwrite: C:\Rave5\dbrtl70.bpl
File Overwrite: C:\Rave5\DE.rlf
File Overwrite: C:\Rave5\FR.rlf
File Overwrite: C:\Rave5\JP.rlf
File Overwrite: C:\Rave5\Rave.exe
File Overwrite: C:\Rave5\Readme.txt
File Overwrite: C:\Rave5\rtl70.bpl
File Overwrite: C:\Rave5\RvBarcode50.bpl
File Overwrite: C:\Rave5\RvBase.rvc
File Overwrite: C:\Rave5\RvClass.rvc
File Overwrite: C:\Rave5\RvCompiler50.bpl
File Overwrite: C:\Rave5\RvCore50.bpl
File Overwrite: C:\Rave5\RvCsBars.rvc
File Overwrite: C:\Rave5\RvCsData.rvc
File Overwrite: C:\Rave5\RvCsDraw.rvc
File Overwrite: C:\Rave5\RvCsRpt.rvc
File Overwrite: C:\Rave5\RvCsStd.rvc
File Overwrite: C:\Rave5\RvData.rvc
File Overwrite: C:\Rave5\RvDesign50.bpl
File Overwrite: C:\Rave5\RvEngine50.bpl
File Overwrite: C:\Rave5\RvGraphics50.bpl
File Overwrite: C:\Rave5\RvProj.rvc
File Overwrite: C:\Rave5\RvReport50.bpl
File Overwrite: C:\Rave5\RvStandard50.bpl
File Overwrite: C:\Rave5\SysFunc.rvc
File Overwrite: C:\Rave5\System.rvc
File Overwrite: C:\Rave5\vcl70.bpl
File Overwrite: C:\Rave5\vcljpg70.bpl
File Overwrite: C:\Rave5\vclx70.bpl
File Overwrite: C:\Rave5\Whatsnew.txt
File Overwrite: C:\Rave5\Source\Clean.bat
File Overwrite: C:\Rave5\Source\CompUtil.exe
File Overwrite: C:\Rave5\Source\dclRave.dpk
File Overwrite: C:\Rave5\Source\FullC4.bat
File Overwrite: C:\Rave5\Source\FullC5.bat
File Overwrite: C:\Rave5\Source\FullC6.bat
File Overwrite: C:\Rave5\Source\FullD4.bat
File Overwrite: C:\Rave5\Source\FullD5.bat
File Overwrite: C:\Rave5\Source\FullD6.bat
File Overwrite: C:\Rave5\Source\FullD7.bat
File Overwrite: C:\Rave5\Source\QRpBars.pas
File Overwrite: C:\Rave5\Source\QRpBase.pas
File Overwrite: C:\Rave5\Source\QRpCharts.pas
File Overwrite: C:\Rave5\Source\QRpCon.pas
File Overwrite: C:\Rave5\Source\QRpConBDE.pas
File Overwrite: C:\Rave5\Source\QRpConDS.pas
File Overwrite: C:\Rave5\Source\QRpDBUtil.pas
File Overwrite: C:\Rave5\Source\QRpDefine.pas
File Overwrite: C:\Rave5\Source\QRpDevice.pas
File Overwrite: C:\Rave5\Source\QRpFiler.pas
File Overwrite: C:\Rave5\Source\QRpFont.pas
File Overwrite: C:\Rave5\Source\QRpFormPreview.pas
File Overwrite: C:\Rave5\Source\QRpFormPreview.xfm
File Overwrite: C:\Rave5\Source\QRpFormSetup.pas
File Overwrite: C:\Rave5\Source\QRpFormSetup.xfm
File Overwrite: C:\Rave5\Source\QRpFormStatus.pas
File Overwrite: C:\Rave5\Source\QRpFormStatus.xfm
File Overwrite: C:\Rave5\Source\QRpMBCS.pas
File Overwrite: C:\Rave5\Source\QRpMemo.pas
File Overwrite: C:\Rave5\Source\QRpRave.pas
File Overwrite: C:\Rave5\Source\QRpRender.pas
File Overwrite: C:\Rave5\Source\QRpRenderCanvas.pas
File Overwrite: C:\Rave5\Source\QRpRenderHTML.pas
File Overwrite: C:\Rave5\Source\QRpRenderPDF.pas
File Overwrite: C:\Rave5\Source\QRpRenderPreview.pas
File Overwrite: C:\Rave5\Source\QRpRenderPrinter.pas
File Overwrite: C:\Rave5\Source\QRpRenderPS.pas
File Overwrite: C:\Rave5\Source\QRpRenderRTF.pas
File Overwrite: C:\Rave5\Source\QRpRenderText.pas
File Overwrite: C:\Rave5\Source\QRpRPTF.pas
File Overwrite: C:\Rave5\Source\QRpSystem.pas
File Overwrite: C:\Rave5\Source\QRpTChart.pas
File Overwrite: C:\Rave5\Source\QRvClass.pas
File Overwrite: C:\Rave5\Source\QRvCmHuff.pas
File Overwrite: C:\Rave5\Source\QRvCsBars.pas
File Overwrite: C:\Rave5\Source\QRvCsData.pas
File Overwrite: C:\Rave5\Source\QRvCsDraw.pas
File Overwrite: C:\Rave5\Source\QRvCsRpt.pas
File Copy: C:\Rave5\Source\QRvCsRptNew.pas
File Overwrite: C:\Rave5\Source\QRvCsStd.pas
File Overwrite: C:\Rave5\Source\QRvData.pas
File Overwrite: C:\Rave5\Source\QRvDatabase.pas
File Overwrite: C:\Rave5\Source\QRvDataField.pas
File Overwrite: C:\Rave5\Source\QRvDataLink.pas
File Overwrite: C:\Rave5\Source\QRvDefine.pas
File Overwrite: C:\Rave5\Source\QRvDirectDataView.pas
File Overwrite: C:\Rave5\Source\QRvDLBase.pas
File Overwrite: C:\Rave5\Source\QRvDLCommon.pas
File Overwrite: C:\Rave5\Source\QRvDLDataSet.pas
File Overwrite: C:\Rave5\Source\QRvDLDBX.pas
File Overwrite: C:\Rave5\Source\QRvDLDBXCfg.pas
File Overwrite: C:\Rave5\Source\QRvDriverDataView.pas
File Overwrite: C:\Rave5\Source\QRvLDCompiler.pas
File Overwrite: C:\Rave5\Source\QRvLECode.pas
File Overwrite: C:\Rave5\Source\QRvLEDebug.pas
File Overwrite: C:\Rave5\Source\QRvLEDefine.pas
File Overwrite: C:\Rave5\Source\QRvLEExpr.pas
File Overwrite: C:\Rave5\Source\QRvLEID.pas
File Overwrite: C:\Rave5\Source\QRvLEModule.pas
File Overwrite: C:\Rave5\Source\QRvLERun.pas
File Overwrite: C:\Rave5\Source\QRvLESystem.pas
File Overwrite: C:\Rave5\Source\QRvLEType.pas
File Overwrite: C:\Rave5\Source\QRvLEUtil.pas
File Overwrite: C:\Rave5\Source\QRvProj.pas
File Overwrite: C:\Rave5\Source\QRvSecurity.pas
File Overwrite: C:\Rave5\Source\QRvUtil.pas
File Overwrite: C:\Rave5\Source\Rave50CLX.dpk
File Overwrite: C:\Rave5\Source\Rave50VCL.dpk
File Overwrite: C:\Rave5\Source\RaveCC.dpr
File Overwrite: C:\Rave5\Source\RaveD7.bat
File Overwrite: C:\Rave5\Source\RaveReg.dcr
File Overwrite: C:\Rave5\Source\RaveReg.pas
File Overwrite: C:\Rave5\Source\RpAddFrm.dfm
File Overwrite: C:\Rave5\Source\RpAddFrm.pas
File Overwrite: C:\Rave5\Source\RpBars.pas
File Overwrite: C:\Rave5\Source\RpBase.pas
File Overwrite: C:\Rave5\Source\RpCanvas.pas
File Overwrite: C:\Rave5\Source\RpCEdFrm.dfm
File Overwrite: C:\Rave5\Source\RpCEdFrm.pas
File Overwrite: C:\Rave5\Source\RpCharts.pas
File Overwrite: C:\Rave5\Source\RpCon.pas
File Overwrite: C:\Rave5\Source\RpConBDE.pas
File Overwrite: C:\Rave5\Source\RpConDS.pas
File Overwrite: C:\Rave5\Source\RpDBTabl.pas
File Overwrite: C:\Rave5\Source\RpDBUtil.pas
File Overwrite: C:\Rave5\Source\RpDefine.pas
File Overwrite: C:\Rave5\Source\RpDevice.pas
File Overwrite: C:\Rave5\Source\RpExeFrm.dfm
File Overwrite: C:\Rave5\Source\RpExeFrm.pas
File Overwrite: C:\Rave5\Source\RpFiler.pas
File Overwrite: C:\Rave5\Source\RpFont.pas
File Overwrite: C:\Rave5\Source\RpFormPreview.dfm
File Overwrite: C:\Rave5\Source\RpFormPreview.pas
File Overwrite: C:\Rave5\Source\RpFormSetup.dfm
File Overwrite: C:\Rave5\Source\RpFormSetup.pas
File Overwrite: C:\Rave5\Source\RpFormStatus.dfm
File Overwrite: C:\Rave5\Source\RpFormStatus.pas
File Overwrite: C:\Rave5\Source\RpFPrint.pas
File Overwrite: C:\Rave5\Source\RpHTFilr.pas
File Overwrite: C:\Rave5\Source\RpInfo.dat
File Overwrite: C:\Rave5\Source\RpLabel.pas
File Overwrite: C:\Rave5\Source\RpMBCS.pas
File Overwrite: C:\Rave5\Source\RpMemo.pas
File Overwrite: C:\Rave5\Source\RpRave.pas
File Overwrite: C:\Rave5\Source\RpRender.pas
File Overwrite: C:\Rave5\Source\RpRenderCanvas.pas
File Overwrite: C:\Rave5\Source\RpRenderHTML.pas
File Overwrite: C:\Rave5\Source\RpRenderPDF.pas
File Overwrite: C:\Rave5\Source\RpRenderPreview.pas
File Overwrite: C:\Rave5\Source\RpRenderPrinter.pas
File Overwrite: C:\Rave5\Source\RpRenderPS.pas
File Overwrite: C:\Rave5\Source\RpRenderRTF.pas
File Overwrite: C:\Rave5\Source\RpRenderText.pas
File Overwrite: C:\Rave5\Source\RpRender_HTML.pas
File Overwrite: C:\Rave5\Source\RpRender_PDF.pas
File Overwrite: C:\Rave5\Source\Rpreview.pas
File Overwrite: C:\Rave5\Source\Rprinter.pas
File Overwrite: C:\Rave5\Source\RpRPTF.pas
File Overwrite: C:\Rave5\Source\RpRTFilr.pas
File Overwrite: C:\Rave5\Source\RpSecFrm.dfm
File Overwrite: C:\Rave5\Source\RpSecFrm.pas
File Overwrite: C:\Rave5\Source\RpSect.pas
File Overwrite: C:\Rave5\Source\RpShell.pas
File Overwrite: C:\Rave5\Source\RpSystem.pas
File Overwrite: C:\Rave5\Source\RpTabCol.pas
File Overwrite: C:\Rave5\Source\RpTabItm.pas
File Overwrite: C:\Rave5\Source\RpTable.pas
File Overwrite: C:\Rave5\Source\RpTabSec.pas
File Overwrite: C:\Rave5\Source\RpTChart.pas
File Overwrite: C:\Rave5\Source\RpTXFilr.pas
File Overwrite: C:\Rave5\Source\RpVer.inc
File Overwrite: C:\Rave5\Source\RvBarcode.dpk
File Overwrite: C:\Rave5\Source\RvBase.rvs
File Overwrite: C:\Rave5\Source\RvClass.pas
File Overwrite: C:\Rave5\Source\RvClass.res
File Overwrite: C:\Rave5\Source\RvClass.rvs
File Overwrite: C:\Rave5\Source\RvCmHuff.pas
File Overwrite: C:\Rave5\Source\RvCompiler.dpk
File Overwrite: C:\Rave5\Source\RvCore.dpk
File Overwrite: C:\Rave5\Source\RvCsBars.pas
File Overwrite: C:\Rave5\Source\RvCsBars.res
File Overwrite: C:\Rave5\Source\RvCsBars.rvs
File Overwrite: C:\Rave5\Source\RvCsData.pas
File Overwrite: C:\Rave5\Source\RvCsData.res
File Overwrite: C:\Rave5\Source\RvCsData.rvs
File Overwrite: C:\Rave5\Source\RvCsDraw.pas
File Overwrite: C:\Rave5\Source\RvCsDraw.res
File Overwrite: C:\Rave5\Source\RvCsDraw.rvs
File Overwrite: C:\Rave5\Source\RvCsRpt.pas
File Overwrite: C:\Rave5\Source\RvCsRpt.res
File Overwrite: C:\Rave5\Source\RvCsRpt.rvs
File Copy: C:\Rave5\Source\RvCsRptNew.pas
File Overwrite: C:\Rave5\Source\RvCsStd.pas
File Overwrite: C:\Rave5\Source\RvCsStd.res
File Overwrite: C:\Rave5\Source\RvCsStd.rvs
File Overwrite: C:\Rave5\Source\RvData.pas
File Overwrite: C:\Rave5\Source\RvData.res
File Overwrite: C:\Rave5\Source\RvData.rvs
File Overwrite: C:\Rave5\Source\RvDatabase.pas
File Overwrite: C:\Rave5\Source\RvDataField.pas
File Overwrite: C:\Rave5\Source\RvDataLink.pas
File Overwrite: C:\Rave5\Source\RvDefine.pas
File Overwrite: C:\Rave5\Source\RvDesign.dpk
File Overwrite: C:\Rave5\Source\RvDesignReg.pas
File Overwrite: C:\Rave5\Source\RvDirectDataView.pas
File Overwrite: C:\Rave5\Source\RvDLADO.pas
File Overwrite: C:\Rave5\Source\RvDLADOCfg.dfm
File Overwrite: C:\Rave5\Source\RvDLADOCfg.pas
File Overwrite: C:\Rave5\Source\RvDLBase.pas
File Overwrite: C:\Rave5\Source\RvDLBDE.pas
File Overwrite: C:\Rave5\Source\RvDLBDECfg.dfm
File Overwrite: C:\Rave5\Source\RvDLBDECfg.pas
File Overwrite: C:\Rave5\Source\RvDLCommon.pas
File Overwrite: C:\Rave5\Source\RvDLDataSet.pas
File Overwrite: C:\Rave5\Source\RvDLDBX.pas
File Overwrite: C:\Rave5\Source\RvDLDBXCfg.dfm
File Overwrite: C:\Rave5\Source\RvDLDBXCfg.pas
File Overwrite: C:\Rave5\Source\RvDriverDataView.pas
File Overwrite: C:\Rave5\Source\RvEngine.dpk
File Overwrite: C:\Rave5\Source\RvGraphics.dpk
File Overwrite: C:\Rave5\Source\RvLDCompiler.pas
File Overwrite: C:\Rave5\Source\RvLECode.pas
File Overwrite: C:\Rave5\Source\RvLEDebug.pas
File Overwrite: C:\Rave5\Source\RvLEDefine.pas
File Overwrite: C:\Rave5\Source\RvLEExpr.pas
File Overwrite: C:\Rave5\Source\RvLEID.pas
File Overwrite: C:\Rave5\Source\RvLEModule.pas
File Overwrite: C:\Rave5\Source\RvLERun.pas
File Overwrite: C:\Rave5\Source\RvLESystem.inc
File Overwrite: C:\Rave5\Source\RvLESystem.pas
File Overwrite: C:\Rave5\Source\RvLEType.pas
File Overwrite: C:\Rave5\Source\RvLEUtil.pas
File Overwrite: C:\Rave5\Source\RvPDData.dfm
File Overwrite: C:\Rave5\Source\RvPDData.pas
File Overwrite: C:\Rave5\Source\RvPDEvnt.dfm
File Overwrite: C:\Rave5\Source\RvPDEvnt.pas
File Overwrite: C:\Rave5\Source\RvPEAnch.dfm
File Overwrite: C:\Rave5\Source\RvPEAnch.pas
File Overwrite: C:\Rave5\Source\RvPEBand.dfm
File Overwrite: C:\Rave5\Source\RvPEBand.pas
File Overwrite: C:\Rave5\Source\RvPECalc.pas
File Overwrite: C:\Rave5\Source\RvPEData.pas
File Overwrite: C:\Rave5\Source\RvPEDBAuth.dfm
File Overwrite: C:\Rave5\Source\RvPEDBAuth.pas
File Overwrite: C:\Rave5\Source\RvPEDMS.dfm
File Overwrite: C:\Rave5\Source\RvPEDMS.pas
File Overwrite: C:\Rave5\Source\RvPEDTxt.dfm
File Overwrite: C:\Rave5\Source\RvPEDTxt.pas
File Overwrite: C:\Rave5\Source\RvPEImg.dfm
File Overwrite: C:\Rave5\Source\RvPEImg.pas
File Overwrite: C:\Rave5\Source\RvPEMail.dfm
File Overwrite: C:\Rave5\Source\RvPEMail.pas
File Overwrite: C:\Rave5\Source\RvPEMemo.dfm
File Overwrite: C:\Rave5\Source\RvPEMemo.pas
File Overwrite: C:\Rave5\Source\RvPEPLst.dfm
File Overwrite: C:\Rave5\Source\RvPEPLst.pas
File Overwrite: C:\Rave5\Source\RvPEProj.pas
File Overwrite: C:\Rave5\Source\RvPEQuery.pas
File Overwrite: C:\Rave5\Source\RvPERLoc.dfm
File Overwrite: C:\Rave5\Source\RvPERLoc.pas
File Overwrite: C:\Rave5\Source\RvPERpt.pas
File Overwrite: C:\Rave5\Source\RvPEStrL.dfm
File Overwrite: C:\Rave5\Source\RvPEStrL.pas
File Overwrite: C:\Rave5\Source\RvPESys.pas
File Overwrite: C:\Rave5\Source\RvProj.pas
File Overwrite: C:\Rave5\Source\RvProj.res
File Overwrite: C:\Rave5\Source\RvProj.rvs
File Overwrite: C:\Rave5\Source\RvReport.dpk
File Overwrite: C:\Rave5\Source\rvs2inc.dpr
File Overwrite: C:\Rave5\Source\RvSecurity.pas
File Overwrite: C:\Rave5\Source\RvStandard.dpk
File Overwrite: C:\Rave5\Source\RvTool.pas
File Overwrite: C:\Rave5\Source\RvToolEvents.pas
File Overwrite: C:\Rave5\Source\RvToolUtil.pas
File Overwrite: C:\Rave5\Source\RvUtil.pas
File Overwrite: C:\Rave5\Source\RvWzExpert.dfm
File Overwrite: C:\Rave5\Source\RvWzExpert.pas
File Overwrite: C:\Rave5\Source\RvWzMD.dfm
File Overwrite: C:\Rave5\Source\RvWzMD.pas
File Overwrite: C:\Rave5\Source\RvWzSimp.dfm
File Overwrite: C:\Rave5\Source\RvWzSimp.pas
File Overwrite: C:\Rave5\Source\SysFunc.rvs
File Overwrite: C:\Rave5\DataLinks\DataLinkADO.rvd
File Overwrite: C:\Rave5\DataLinks\DataLinkBDE.rvd
File Overwrite: C:\Rave5\DataLinks\DataLinkDBX.rvd
File Overwrite: C:\Rave5\DataLinks\SQLEditor.dll
File Overwrite: C:\Rave5\Demos\Code\demo01.dfm
File Overwrite: C:\Rave5\Demos\Code\demo01.PAS
File Overwrite: C:\Rave5\Demos\Code\DEMO02.dfm
File Overwrite: C:\Rave5\Demos\Code\DEMO02.PAS
File Overwrite: C:\Rave5\Demos\Code\demo03.dfm
File Overwrite: C:\Rave5\Demos\Code\demo03.PAS
File Overwrite: C:\Rave5\Demos\Code\demo04.dfm
File Overwrite: C:\Rave5\Demos\Code\demo04.PAS
File Overwrite: C:\Rave5\Demos\Code\demo05.dfm
File Overwrite: C:\Rave5\Demos\Code\demo05.PAS
File Overwrite: C:\Rave5\Demos\Code\demo05.txt
File Overwrite: C:\Rave5\Demos\Code\demo06.dfm
File Overwrite: C:\Rave5\Demos\Code\demo06.PAS
File Overwrite: C:\Rave5\Demos\Code\demo07.dfm
File Overwrite: C:\Rave5\Demos\Code\demo07.PAS
File Overwrite: C:\Rave5\Demos\Code\demo08.dfm
File Overwrite: C:\Rave5\Demos\Code\demo08.PAS
File Overwrite: C:\Rave5\Demos\Code\MAIN.dfm
File Overwrite: C:\Rave5\Demos\Code\MAIN.PAS
File Overwrite: C:\Rave5\Demos\Code\RPDEMO.BMP
File Overwrite: C:\Rave5\Demos\Code\rpdemo.DPR
File Overwrite: C:\Rave5\Demos\Code\rpdemo.res
File Overwrite: C:\Rave5\Demos\Code\RPDEMO.RTF
File Overwrite: C:\Rave5\Demos\Code\RTFDemo.dfm
File Overwrite: C:\Rave5\Demos\Code\RTFDemo.PAS
File Overwrite: C:\Rave5\Demos\Visual\DM.dfm
File Overwrite: C:\Rave5\Demos\Visual\DM.pas
File Overwrite: C:\Rave5\Demos\Visual\Main.dfm
File Overwrite: C:\Rave5\Demos\Visual\Main.pas
File Overwrite: C:\Rave5\Demos\Visual\RaveDemo.dpr
File Overwrite: C:\Rave5\Demos\Visual\RaveDemo.rav
File Overwrite: C:\Rave5\Demos\Visual\RaveDemo.res
File Overwrite: C:\Rave5\Demos\Scripting\DM.dfm
File Overwrite: C:\Rave5\Demos\Scripting\DM.pas
File Overwrite: C:\Rave5\Demos\Scripting\Main.dfm
File Overwrite: C:\Rave5\Demos\Scripting\Main.pas
File Overwrite: C:\Rave5\Demos\Scripting\RaveDemo.dpr
File Overwrite: C:\Rave5\Demos\Scripting\RaveDemo.rav
File Overwrite: C:\Rave5\Demos\Scripting\RaveDemo.res
File Overwrite: C:\Rave5\Docs\DataLinkSpec.pdf
File Overwrite: C:\Rave5\Docs\EUDL.txt
File Overwrite: C:\Rave5\Docs\RANT.pdf
File Overwrite: C:\Rave5\Docs\Rave.pdf
File Overwrite: C:\Rave5\Docs\RaveDevGuide.pdf
File Overwrite: C:\Rave5\Docs\RaveScripting.pdf
File Overwrite: C:\Rave5\Help\DE\RAVE.CNT
File Overwrite: C:\Rave5\Help\DE\RAVE.HLP
File Overwrite: C:\Rave5\Help\DE\Rave50DevGuide.cnt
File Overwrite: C:\Rave5\Help\DE\Rave50DevGuide.hlp
File Overwrite: C:\Rave5\Help\EN\Rave.cnt
File Overwrite: C:\Rave5\Help\EN\Rave.hlp
File Overwrite: C:\Rave5\Help\EN\Rave50DevGuide.cnt
File Overwrite: C:\Rave5\Help\EN\Rave50DevGuide.hlp
File Overwrite: C:\Rave5\Help\FR\RAVE.CNT
File Overwrite: C:\Rave5\Help\FR\RAVE.HLP
File Overwrite: C:\Rave5\Help\FR\Rave50DevGuide.cnt
File Overwrite: C:\Rave5\Help\FR\Rave50DevGuide.hlp
File Overwrite: C:\Rave5\Help\JP\RAVE.CNT
File Overwrite: C:\Rave5\Help\JP\RAVE.HLP
File Overwrite: C:\Rave5\Help\JP\Rave50DevGuide.cnt
File Overwrite: C:\Rave5\Help\JP\Rave50DevGuide.hlp
File Overwrite: C:\Rave5\Redist\RavePack.dll
File Overwrite: C:\Rave5\Redist\RaveSolo.dll
File Overwrite: C:\Rave5\Help\Rave.cnt
File Overwrite: C:\Rave5\Help\Rave.hlp
File Overwrite: C:\Rave5\Help\Rave50DevGuide.cnt
File Overwrite: C:\Rave5\Help\Rave50DevGuide.hlp
INI File: C:\Rave5\Rave.ini
INI Sect: Environment
INI Item: LangFile
INI Val: 
File Overwrite: C:\Rave5\Redist\dbrtl70.bpl
File Overwrite: C:\Rave5\Redist\rtl70.bpl
File Overwrite: C:\Rave5\Redist\RvBarcode50.bpl
File Overwrite: C:\Rave5\Redist\RvCompiler50.bpl
File Overwrite: C:\Rave5\Redist\RvCore50.bpl
File Overwrite: C:\Rave5\Redist\RvDesign50.bpl
File Overwrite: C:\Rave5\Redist\RvEngine50.bpl
File Overwrite: C:\Rave5\Redist\RvGraphics50.bpl
File Overwrite: C:\Rave5\Redist\RvReport50.bpl
File Overwrite: C:\Rave5\Redist\RvStandard50.bpl
File Overwrite: C:\Rave5\Redist\vcl70.bpl
File Overwrite: C:\Rave5\Redist\vcljpg70.bpl
File Overwrite: C:\Rave5\Redist\vclx70.bpl
File Overwrite: C:\Rave5\Redist\RvBase.rvc
File Overwrite: C:\Rave5\Redist\RvClass.rvc
File Overwrite: C:\Rave5\Redist\RvCsBars.rvc
File Overwrite: C:\Rave5\Redist\RvCsData.rvc
File Overwrite: C:\Rave5\Redist\RvCsDraw.rvc
File Overwrite: C:\Rave5\Redist\RvCsRpt.rvc
File Overwrite: C:\Rave5\Redist\RvCsStd.rvc
File Overwrite: C:\Rave5\Redist\RvData.rvc
File Overwrite: C:\Rave5\Redist\RvProj.rvc
File Overwrite: C:\Rave5\Redist\SysFunc.rvc
File Overwrite: C:\Rave5\Redist\System.rvc
File Overwrite: C:\Rave5\Redist\BASE.RLF
File Overwrite: C:\Rave5\Redist\DE.rlf
File Overwrite: C:\Rave5\Redist\FR.rlf
File Overwrite: C:\Rave5\Redist\JP.rlf
File Overwrite: C:\Rave5\Redist\Rave.hlp
File Overwrite: C:\Rave5\Redist\Rave.cnt
File Overwrite: C:\WINNT\System32\Rave50VCLBEX70.bpl
File Overwrite: C:\WINNT\System32\Rave50CLXBEX70.bpl
File Overwrite: C:\Rave5\D7\dclRave.bpl
File Copy: C:\Rave5\D7\FormQUAD.dcu
File Overwrite: C:\Rave5\D7\QRpBars.dcu
File Overwrite: C:\Rave5\D7\QRpBase.dcu
File Overwrite: C:\Rave5\D7\QRpCon.dcu
File Overwrite: C:\Rave5\D7\QRpConBDE.dcu
File Overwrite: C:\Rave5\D7\QRpConDS.dcu
File Overwrite: C:\Rave5\D7\QRpDBUtil.dcu
File Overwrite: C:\Rave5\D7\QRpDefine.dcu
File Overwrite: C:\Rave5\D7\QRpDevice.dcu
File Overwrite: C:\Rave5\D7\QRpFiler.dcu
File Overwrite: C:\Rave5\D7\QRpFont.dcu
File Overwrite: C:\Rave5\D7\QRpFormPreview.dcu
File Overwrite: C:\Rave5\D7\QRpFormPreview.xfm
File Overwrite: C:\Rave5\D7\QRpFormSetup.dcu
File Overwrite: C:\Rave5\D7\QRpFormSetup.xfm
File Overwrite: C:\Rave5\D7\QRpFormStatus.dcu
File Overwrite: C:\Rave5\D7\QRpFormStatus.xfm
File Overwrite: C:\Rave5\D7\QRpMBCS.dcu
File Overwrite: C:\Rave5\D7\QRpMemo.dcu
File Overwrite: C:\Rave5\D7\QRpRave.dcu
File Overwrite: C:\Rave5\D7\QRpRender.dcu
File Overwrite: C:\Rave5\D7\QRpRenderCanvas.dcu
File Overwrite: C:\Rave5\D7\QRpRenderHTML.dcu
File Overwrite: C:\Rave5\D7\QRpRenderPDF.dcu
File Overwrite: C:\Rave5\D7\QRpRenderPreview.dcu
File Overwrite: C:\Rave5\D7\QRpRenderPrinter.dcu
File Overwrite: C:\Rave5\D7\QRpRenderRTF.dcu
File Overwrite: C:\Rave5\D7\QRpRenderText.dcu
File Overwrite: C:\Rave5\D7\QRpRPTF.dcu
File Overwrite: C:\Rave5\D7\QRpSystem.dcu
File Overwrite: C:\Rave5\D7\QRvClass.dcu
File Overwrite: C:\Rave5\D7\QRvCmHuff.dcu
File Overwrite: C:\Rave5\D7\QRvCsBars.dcu
File Overwrite: C:\Rave5\D7\QRvCsData.dcu
File Overwrite: C:\Rave5\D7\QRvCsDraw.dcu
File Overwrite: C:\Rave5\D7\QRvCsRpt.dcu
File Overwrite: C:\Rave5\D7\QRvCsStd.dcu
File Overwrite: C:\Rave5\D7\QRvData.dcu
File Overwrite: C:\Rave5\D7\QRvDatabase.dcu
File Overwrite: C:\Rave5\D7\QRvDataField.dcu
File Overwrite: C:\Rave5\D7\QRvDataLink.dcu
File Overwrite: C:\Rave5\D7\QRvDefine.dcu
File Overwrite: C:\Rave5\D7\QRvDirectDataView.dcu
File Overwrite: C:\Rave5\D7\QRvDLBase.dcu
File Overwrite: C:\Rave5\D7\QRvDLCommon.dcu
File Overwrite: C:\Rave5\D7\QRvDLDataSet.dcu
File Overwrite: C:\Rave5\D7\QRvDLDBX.dcu
File Overwrite: C:\Rave5\D7\QRvDriverDataView.dcu
File Overwrite: C:\Rave5\D7\QRvLDCompiler.dcu
File Overwrite: C:\Rave5\D7\QRvLECode.dcu
File Overwrite: C:\Rave5\D7\QRvLEDebug.dcu
File Overwrite: C:\Rave5\D7\QRvLEDefine.dcu
File Overwrite: C:\Rave5\D7\QRvLEExpr.dcu
File Overwrite: C:\Rave5\D7\QRvLEID.dcu
File Overwrite: C:\Rave5\D7\QRvLEModule.dcu
File Overwrite: C:\Rave5\D7\QRvLERun.dcu
File Overwrite: C:\Rave5\D7\QRvLESystem.dcu
File Overwrite: C:\Rave5\D7\QRvLEType.dcu
File Overwrite: C:\Rave5\D7\QRvLEUtil.dcu
File Overwrite: C:\Rave5\D7\QRvProj.dcu
File Overwrite: C:\Rave5\D7\QRvSecurity.dcu
File Overwrite: C:\Rave5\D7\QRvUtil.dcu
File Copy: C:\Rave5\D7\QUAD.dcu
File Overwrite: C:\Rave5\D7\Rave50CLX.dcp
File Overwrite: C:\Rave5\D7\Rave50VCL.dcp
File Overwrite: C:\Rave5\D7\RpAddFrm.dcu
File Overwrite: C:\Rave5\D7\RpBars.dcu
File Overwrite: C:\Rave5\D7\RpBase.dcu
File Overwrite: C:\Rave5\D7\RpCanvas.dcu
File Overwrite: C:\Rave5\D7\RpCEdFrm.dcu
File Overwrite: C:\Rave5\D7\RpCon.dcu
File Overwrite: C:\Rave5\D7\RpConBDE.dcu
File Overwrite: C:\Rave5\D7\RpConDS.dcu
File Overwrite: C:\Rave5\D7\RpDBTabl.dcu
File Overwrite: C:\Rave5\D7\RpDBUtil.dcu
File Overwrite: C:\Rave5\D7\RpDefine.dcu
File Overwrite: C:\Rave5\D7\RpDevice.dcu
File Overwrite: C:\Rave5\D7\RpFiler.dcu
File Overwrite: C:\Rave5\D7\RpFont.dcu
File Overwrite: C:\Rave5\D7\RpFormPreview.dcu
File Overwrite: C:\Rave5\D7\RpFormPreview.dfm
File Overwrite: C:\Rave5\D7\RpFormSetup.dcu
File Overwrite: C:\Rave5\D7\RpFormSetup.dfm
File Overwrite: C:\Rave5\D7\RpFormStatus.dcu
File Overwrite: C:\Rave5\D7\RpFormStatus.dfm
File Overwrite: C:\Rave5\D7\RpFPrint.dcu
File Overwrite: C:\Rave5\D7\RpHTFilr.dcu
File Overwrite: C:\Rave5\D7\RpLabel.dcu
File Overwrite: C:\Rave5\D7\RpMBCS.dcu
File Overwrite: C:\Rave5\D7\RpMemo.dcu
File Overwrite: C:\Rave5\D7\RpRave.dcu
File Overwrite: C:\Rave5\D7\RpRender.dcu
File Overwrite: C:\Rave5\D7\RpRenderCanvas.dcu
File Overwrite: C:\Rave5\D7\RpRenderHTML.dcu
File Overwrite: C:\Rave5\D7\RpRenderPDF.dcu
File Overwrite: C:\Rave5\D7\RpRenderPreview.dcu
File Overwrite: C:\Rave5\D7\RpRenderPrinter.dcu
File Overwrite: C:\Rave5\D7\RpRenderRTF.dcu
File Overwrite: C:\Rave5\D7\RpRenderText.dcu
File Overwrite: C:\Rave5\D7\RpRender_HTML.dcu
File Overwrite: C:\Rave5\D7\RpRender_PDF.dcu
File Overwrite: C:\Rave5\D7\Rpreview.dcu
File Overwrite: C:\Rave5\D7\Rprinter.dcu
File Overwrite: C:\Rave5\D7\RpRPTF.dcu
File Overwrite: C:\Rave5\D7\RpRTFilr.dcu
File Overwrite: C:\Rave5\D7\RpSecFrm.dcu
File Overwrite: C:\Rave5\D7\RpSect.dcu
File Overwrite: C:\Rave5\D7\RpShell.dcu
File Overwrite: C:\Rave5\D7\RpSystem.dcu
File Overwrite: C:\Rave5\D7\RpTable.dcu
File Overwrite: C:\Rave5\D7\RpTChart.dcu
File Overwrite: C:\Rave5\D7\RpTXFilr.dcu
File Overwrite: C:\Rave5\D7\RvBarcode.dcp
File Overwrite: C:\Rave5\D7\RvClass.dcu
File Overwrite: C:\Rave5\D7\RvCmHuff.dcu
File Overwrite: C:\Rave5\D7\RvCompiler.dcp
File Overwrite: C:\Rave5\D7\RvCore.dcp
File Overwrite: C:\Rave5\D7\RvCsBars.dcu
File Overwrite: C:\Rave5\D7\RvCsData.dcu
File Overwrite: C:\Rave5\D7\RvCsDraw.dcu
File Overwrite: C:\Rave5\D7\RvCsRpt.dcu
File Overwrite: C:\Rave5\D7\RvCsStd.dcu
File Overwrite: C:\Rave5\D7\RvData.dcu
File Overwrite: C:\Rave5\D7\RvDatabase.dcu
File Overwrite: C:\Rave5\D7\RvDataField.dcu
File Overwrite: C:\Rave5\D7\RvDataLink.dcu
File Overwrite: C:\Rave5\D7\RvDefine.dcu
File Overwrite: C:\Rave5\D7\RvDesign.dcp
File Overwrite: C:\Rave5\D7\RvDesignReg.dcu
File Overwrite: C:\Rave5\D7\RvDirectDataView.dcu
File Overwrite: C:\Rave5\D7\RvDLADO.dcu
File Overwrite: C:\Rave5\D7\RvDLADOCfg.dcu
File Overwrite: C:\Rave5\D7\RvDLBase.dcu
File Overwrite: C:\Rave5\D7\RvDLBDE.dcu
File Overwrite: C:\Rave5\D7\RvDLBDECfg.dcu
File Overwrite: C:\Rave5\D7\RvDLCommon.dcu
File Overwrite: C:\Rave5\D7\RvDLDataSet.dcu
File Overwrite: C:\Rave5\D7\RvDLDBX.dcu
File Overwrite: C:\Rave5\D7\RvDLDBXCfg.dcu
File Copy: C:\Rave5\D7\RvDLInterbase.dcu
File Copy: C:\Rave5\D7\RvDLInterbaseCfg.dcu
File Overwrite: C:\Rave5\D7\RvDriverDataView.dcu
File Overwrite: C:\Rave5\D7\RvEngine.dcp
File Overwrite: C:\Rave5\D7\RvGraphics.dcp
File Overwrite: C:\Rave5\D7\RvLDCompiler.dcu
File Overwrite: C:\Rave5\D7\RvLECode.dcu
File Overwrite: C:\Rave5\D7\RvLEDebug.dcu
File Overwrite: C:\Rave5\D7\RvLEDefine.dcu
File Overwrite: C:\Rave5\D7\RvLEExpr.dcu
File Overwrite: C:\Rave5\D7\RvLEID.dcu
File Overwrite: C:\Rave5\D7\RvLEModule.dcu
File Overwrite: C:\Rave5\D7\RvLERun.dcu
File Overwrite: C:\Rave5\D7\RvLESystem.dcu
File Overwrite: C:\Rave5\D7\RvLEType.dcu
File Overwrite: C:\Rave5\D7\RvLEUtil.dcu
File Overwrite: C:\Rave5\D7\RvPDData.dcu
File Overwrite: C:\Rave5\D7\RvPDEvnt.dcu
File Overwrite: C:\Rave5\D7\RvPEAnch.dcu
File Overwrite: C:\Rave5\D7\RvPEBand.dcu
File Overwrite: C:\Rave5\D7\RvPECalc.dcu
File Overwrite: C:\Rave5\D7\RvPEData.dcu
File Overwrite: C:\Rave5\D7\RvPEDBAuth.dcu
File Overwrite: C:\Rave5\D7\RvPEDMS.dcu
File Overwrite: C:\Rave5\D7\RvPEDTxt.dcu
File Overwrite: C:\Rave5\D7\RvPEImg.dcu
File Overwrite: C:\Rave5\D7\RvPEMail.dcu
File Overwrite: C:\Rave5\D7\RvPEMemo.dcu
File Overwrite: C:\Rave5\D7\RvPEPLst.dcu
File Overwrite: C:\Rave5\D7\RvPEProj.dcu
File Overwrite: C:\Rave5\D7\RvPEQuery.dcu
File Overwrite: C:\Rave5\D7\RvPERLoc.dcu
File Overwrite: C:\Rave5\D7\RvPERpt.dcu
File Overwrite: C:\Rave5\D7\RvPEStrL.dcu
File Overwrite: C:\Rave5\D7\RvPESys.dcu
File Overwrite: C:\Rave5\D7\RvProj.dcu
File Overwrite: C:\Rave5\D7\RvReport.dcp
File Overwrite: C:\Rave5\D7\RvSecurity.dcu
File Overwrite: C:\Rave5\D7\RvStandard.dcp
File Overwrite: C:\Rave5\D7\RvTool.dcu
File Overwrite: C:\Rave5\D7\RvToolEvents.dcu
File Overwrite: C:\Rave5\D7\RvToolUtil.dcu
File Overwrite: C:\Rave5\D7\RvUtil.dcu
File Overwrite: C:\Rave5\D7\RvWzMD.dcu
File Overwrite: C:\Rave5\D7\RvWzSimp.dcu
RegDB Key: Software\Borland\Delphi\7.0\Known Packages
RegDB Val: Rave Reports BEX 5.0 Package
RegDB Name: C:\Rave5\D7\dclRave.bpl
RegDB Root: 1
RegDB Key: Software\Borland\Delphi\7.0\Palette
RegDB Val: RpRave.TRvProject;RpSystem.TRvSystem;RpFiler.TRvNDRWriter;RpCon.TRvCustomConnection;RpConDS.TRvDataSetConnection;RpConBDE.TRvTableConnection;RpConBDE.TRvQueryConnection;RpRenderPreview.TRvRenderPreview;RpRenderPrinter.TRvRenderPrinter;RpRenderPDF.TRvRenderPDF;RpRenderHTML.TRvRenderHTML;RpRenderRTF.TRvRenderRTF;RpRenderText.TRvRenderText;QRpRave.TRvProject;QRpSystem.TRvSystem;QRpFiler.TRvNDRWriter;QRpCon.TRvCustomConnection;QRpConDS.TRvDataSetConnection;QRpConBDE.TRvTableConnection;QRpConBDE.TRvQueryConnection;QRpRenderPreview.TRvRenderPreview;QRpRenderPrinter.TRvRenderPrinter;QRpRenderPDF.TRvRenderPDF;QRpRenderHTML.TRvRenderHTML;QRpRenderRTF.TRvRenderRTF;QRpRenderText.TRvRenderText;TReportPrinter;TDetailShell;TMasterShell;TReportShell;TLabelShell;TDBTablePrinter;TTablePrinter;TRTFFiler;TTextFiler;TRPHTMLFiler;
RegDB Name: Rave
RegDB Root: 1
RegDB Key: Software\Nevrona Designs\Rave5BEX
RegDB Val: RV5C10KWJ
RegDB Name: DeveloperSerial
RegDB Root: 2
RegDB Old: RV5C10KWJ
RegDB Key: Software\Nevrona Designs\Rave5BEX
RegDB Val: C:\Rave5
RegDB Name: DesignerPath
RegDB Root: 2
RegDB Old: C:\Rave5
